<?xml version="1.0" encoding="UTF-8"?>
<!-- Generated by org.testng.reporters.JUnitXMLReporter -->
<testsuite hostname="HP-HP" ignored="0" name="Test" tests="4" failures="0" timestamp="18 May 2019 10:56:58 GMT" time="0.043" errors="0">
  <testcase name="Testng1" time="0.005" classname="testng1.Testngone"/>
  <testcase name="Testng2" time="0.001" classname="testng1.Testngone"/>
  <testcase name="Testng3" time="0.001" classname="testng1.Testngtwo"/>
  <testcase name="Testng4" time="0.002" classname="testng1.Testngtwo"/>
</testsuite> <!-- Test -->
